#
# A fatal error has been detected by the Java Runtime Environment:
#
#  EXCEPTION_ACCESS_VIOLATION (0xc0000005) at pc=0x00000000350b1066, pid=6056, tid=14876
#
# JRE version: Java(TM) SE Runtime Environment (8.0_51-b16) (build 1.8.0_51-b16)
# Java VM: Java HotSpot(TM) 64-Bit Server VM (25.51-b03 mixed mode windows-amd64 compressed oops)
# Problematic frame:
# C  [OpenAL64.dll+0x11066]
#
# Failed to write core dump. Minidumps are not enabled by default on client versions of Windows
#
# If you would like to submit a bug report, please visit:
#   http://bugreport.java.com/bugreport/crash.jsp
# The crash happened outside the Java Virtual Machine in native code.
# See problematic frame for where to report the bug.
#

---------------  T H R E A D  ---------------

Current thread (0x0000000038752000):  JavaThread "Thread-15" [_thread_in_native, id=14876, stack(0x000000004c3d0000,0x000000004c4d0000)]

siginfo: ExceptionCode=0xc0000005, reading address 0x0000000036667004

Registers:
RAX=0x0000000000000004, RBX=0x0000000059ef0090, RCX=0x0000000036667008, RDX=0x0000000036667004
RSP=0x000000004c4cec10, RBP=0x00000000000000ff, RSI=0x0000000036666d9c, RDI=0x0000000000000000
R8 =0x000000000000009a, R9 =0x0000000036666d9c, R10=0x0000000002925e08, R11=0x0000000059687bb0
R12=0x0000000000000001, R13=0x000000005ed0e560, R14=0x000000004c4ceda8, R15=0x0000000038752000
RIP=0x00000000350b1066, EFLAGS=0x0000000000010202

Top of Stack: (sp=0x000000004c4cec10)
0x000000004c4cec10:   0000000000000000 000000005952b52b
0x000000004c4cec20:   0000000038752000 0000000038752000
0x000000004c4cec30:   000000005ed0e560 0000000000000000
0x000000004c4cec40:   0000000038752000 000000005aa21890
0x000000004c4cec50:   000000005ed0e560 000000004c4ceda8
0x000000004c4cec60:   0000000031e791e0 0000000059519836
0x000000004c4cec70:   000000004c4cf418 000000003ad11770
0x000000004c4cec80:   0000000038752000 000000004c4ceda8
0x000000004c4cec90:   000000005ed0e560 0000000000000000
0x000000004c4ceca0:   0000000036666d9c 0000000598013c80
0x000000004c4cecb0:   000000004c4ced70 00000000350b248f
0x000000004c4cecc0:   0000000059ef0090 0000000059ef0090
0x000000004c4cecd0:   000000000000ac44 0000000500000004
0x000000004c4cece0:   0000000000000010 0000000002925e34
0x000000004c4cecf0:   000000005ed0e560 0000000002925b9d
0x000000004c4ced00:   0000000038752000 000000005ed0e560 

Instructions: (pc=0x00000000350b1066)
0x00000000350b1046:   41 2b ec 81 3a 03 00 02 00 75 09 8b 01 89 84 24
0x00000000350b1056:   c8 00 00 00 49 83 c0 02 48 83 c1 08 4a 8d 14 86
0x00000000350b1066:   39 3a 75 af 4c 8d 84 24 c0 00 00 00 48 8d 15 d7
0x00000000350b1076:   2b 03 00 33 c9 e8 58 5f 00 00 b8 40 1f 00 00 4c 


Register to memory mapping:

RAX=0x0000000000000004 is an unknown value
RBX=0x0000000059ef0090 is an unknown value
RCX=0x0000000036667008 is an unknown value
RDX=0x0000000036667004 is an unknown value
RSP=0x000000004c4cec10 is pointing into the stack for thread: 0x0000000038752000
RBP=0x00000000000000ff is an unknown value
RSI=0x0000000036666d9c is an unknown value
RDI=0x0000000000000000 is an unknown value
R8 =0x000000000000009a is an unknown value
R9 =0x0000000036666d9c is an unknown value
R10=0x0000000002925e08 is at code_begin+840 in an Interpreter codelet
method entry point (kind = native)  [0x0000000002925ac0, 0x0000000002926420]  2400 bytes
R11=0x0000000059687bb0 is an unknown value
R12=0x0000000000000001 is an unknown value
R13={method} {0x000000005ed0e568} 'nalcCreateContext' '(JJ)J' in 'org/lwjgl/openal/ALC10'
R14=0x000000004c4ceda8 is pointing into the stack for thread: 0x0000000038752000
R15=0x0000000038752000 is a thread


Stack: [0x000000004c3d0000,0x000000004c4d0000],  sp=0x000000004c4cec10,  free space=1019k
Native frames: (J=compiled Java code, j=interpreted, Vv=VM code, C=native code)
C  [OpenAL64.dll+0x11066]
C  [OpenAL64.dll+0x1248f]
C  0x0000000002925e34

Java frames: (J=compiled Java code, j=interpreted, Vv=VM code)
j  org.lwjgl.openal.ALC10.nalcCreateContext(JJ)J+0
j  org.lwjgl.openal.ALC10.alcCreateContext(Lorg/lwjgl/openal/ALCdevice;Ljava/nio/IntBuffer;)Lorg/lwjgl/openal/ALCcontext;+8
j  org.lwjgl.openal.AL.init(Ljava/lang/String;IIZZ)V+69
j  org.lwjgl.openal.AL.create(Ljava/lang/String;IIZZ)V+246
j  org.lwjgl.openal.AL.create(Ljava/lang/String;IIZ)V+5
j  org.lwjgl.openal.AL.create()V+6
j  paulscode.sound.libraries.LibraryLWJGLOpenAL.init()V+2
j  paulscode.sound.SoundSystem.CommandNewLibrary(Ljava/lang/Class;)V+273
j  paulscode.sound.SoundSystem.CommandQueue(Lpaulscode/sound/CommandObject;)Z+1206
j  paulscode.sound.CommandThread.run()V+51
v  ~StubRoutines::call_stub

---------------  P R O C E S S  ---------------

Java Threads: ( => current thread )
  0x0000000038753800 JavaThread "Thread-16" [_thread_blocked, id=16476, stack(0x000000004d010000,0x000000004d110000)]
=>0x0000000038752000 JavaThread "Thread-15" [_thread_in_native, id=14876, stack(0x000000004c3d0000,0x000000004c4d0000)]
  0x0000000038750000 JavaThread "Sound Library Loader" [_thread_blocked, id=13584, stack(0x0000000042e30000,0x0000000042f30000)]
  0x000000002e7fa000 JavaThread "pool-4-thread-1" [_thread_blocked, id=6968, stack(0x000000004e6b0000,0x000000004e7b0000)]
  0x0000000036b67000 JavaThread "File IO Thread" [_thread_blocked, id=7156, stack(0x000000004d940000,0x000000004da40000)]
  0x000000002e7f7800 JavaThread "Thread-13" daemon [_thread_blocked, id=6344, stack(0x0000000042d30000,0x0000000042e30000)]
  0x000000002e7f1000 JavaThread "Keep-Alive-SocketCleaner" daemon [_thread_blocked, id=10248, stack(0x0000000042c30000,0x0000000042d30000)]
  0x000000002e7f4800 JavaThread "Thread-9" [_thread_blocked, id=16532, stack(0x0000000042930000,0x0000000042a30000)]
  0x000000002e7ef800 JavaThread "IPCClient-Reader" [_thread_blocked, id=20500, stack(0x000000004c7d0000,0x000000004c8d0000)]
  0x000000002e7f2800 JavaThread "CraftPresence" [_thread_blocked, id=10324, stack(0x0000000043030000,0x0000000043130000)]
  0x000000002e7f4000 JavaThread "Culling Thread" daemon [_thread_blocked, id=8964, stack(0x000000004c910000,0x000000004ca10000)]
  0x0000000029154800 JavaThread "ForkJoinPool.commonPool-worker-7" daemon [_thread_blocked, id=17652, stack(0x000000004c4d0000,0x000000004c5d0000)]
  0x0000000036b72000 JavaThread "ForkJoinPool.commonPool-worker-14" daemon [_thread_blocked, id=6512, stack(0x000000004c2d0000,0x000000004c3d0000)]
  0x0000000036b73800 JavaThread "ForkJoinPool.commonPool-worker-3" daemon [_thread_blocked, id=18188, stack(0x0000000043330000,0x0000000043430000)]
  0x0000000036b71000 JavaThread "ForkJoinPool.commonPool-worker-8" daemon [_thread_blocked, id=5656, stack(0x0000000043230000,0x0000000043330000)]
  0x0000000036b74000 JavaThread "ForkJoinPool.commonPool-worker-12" daemon [_thread_blocked, id=10212, stack(0x0000000043130000,0x0000000043230000)]
  0x0000000036b6f800 JavaThread "ForkJoinPool.commonPool-worker-1" daemon [_thread_blocked, id=19888, stack(0x0000000042f30000,0x0000000043030000)]
  0x0000000036b6e000 JavaThread "ForkJoinPool.commonPool-worker-4" daemon [_thread_blocked, id=12900, stack(0x0000000042b30000,0x0000000042c30000)]
  0x000000003fa3e800 JavaThread "ForkJoinPool.commonPool-worker-11" daemon [_thread_blocked, id=10920, stack(0x0000000042a30000,0x0000000042b30000)]
  0x0000000038674800 JavaThread "ForkJoinPool.commonPool-worker-9" daemon [_thread_blocked, id=17648, stack(0x0000000042830000,0x0000000042930000)]
  0x0000000030458800 JavaThread "LWJGL Timer" daemon [_thread_blocked, id=7432, stack(0x000000004c1d0000,0x000000004c2d0000)]
  0x000000003c2da000 JavaThread "Thread-4" [_thread_blocked, id=12668, stack(0x000000003f2b0000,0x000000003f3b0000)]
  0x000000003a616000 JavaThread "Java2D Disposer" daemon [_thread_blocked, id=20792, stack(0x0000000035230000,0x0000000035330000)]
  0x000000003c588800 JavaThread "Timer hack thread" daemon [_thread_blocked, id=2464, stack(0x0000000034e50000,0x0000000034f50000)]
  0x000000002fd1f800 JavaThread "Snooper Timer" daemon [_thread_blocked, id=1408, stack(0x0000000031430000,0x0000000031530000)]
  0x000000002ea1e800 JavaThread "Thread-1" [_thread_blocked, id=10612, stack(0x000000002ff40000,0x0000000030040000)]
  0x00000000291de000 JavaThread "Service Thread" daemon [_thread_blocked, id=7516, stack(0x000000002b850000,0x000000002b950000)]
  0x0000000029151800 JavaThread "C1 CompilerThread11" daemon [_thread_blocked, id=19904, stack(0x000000002b750000,0x000000002b850000)]
  0x0000000029150800 JavaThread "C1 CompilerThread10" daemon [_thread_blocked, id=8764, stack(0x000000002b650000,0x000000002b750000)]
  0x0000000029157800 JavaThread "C1 CompilerThread9" daemon [_thread_blocked, id=2920, stack(0x000000002b550000,0x000000002b650000)]
  0x0000000029156800 JavaThread "C1 CompilerThread8" daemon [_thread_blocked, id=16956, stack(0x000000002b450000,0x000000002b550000)]
  0x0000000029152000 JavaThread "C2 CompilerThread7" daemon [_thread_in_native, id=20644, stack(0x000000002b350000,0x000000002b450000)]
  0x0000000029156000 JavaThread "C2 CompilerThread6" daemon [_thread_blocked, id=21548, stack(0x000000002b250000,0x000000002b350000)]
  0x0000000029148000 JavaThread "C2 CompilerThread5" daemon [_thread_blocked, id=19292, stack(0x000000002b150000,0x000000002b250000)]
  0x0000000029112800 JavaThread "C2 CompilerThread4" daemon [_thread_blocked, id=8748, stack(0x000000002b050000,0x000000002b150000)]
  0x0000000029109800 JavaThread "C2 CompilerThread3" daemon [_thread_in_native, id=21256, stack(0x000000002af50000,0x000000002b050000)]
  0x0000000029106800 JavaThread "C2 CompilerThread2" daemon [_thread_in_native, id=9692, stack(0x000000002ae50000,0x000000002af50000)]
  0x0000000029106000 JavaThread "C2 CompilerThread1" daemon [_thread_blocked, id=17032, stack(0x000000002ad50000,0x000000002ae50000)]
  0x0000000029101000 JavaThread "C2 CompilerThread0" daemon [_thread_blocked, id=20696, stack(0x000000002ac50000,0x000000002ad50000)]
  0x00000000290ff000 JavaThread "Attach Listener" daemon [_thread_blocked, id=12840, stack(0x000000002ab50000,0x000000002ac50000)]
  0x00000000290fc800 JavaThread "Signal Dispatcher" daemon [_thread_blocked, id=21996, stack(0x000000002aa50000,0x000000002ab50000)]
  0x0000000027686800 JavaThread "Finalizer" daemon [_thread_blocked, id=18028, stack(0x000000002a950000,0x000000002aa50000)]
  0x000000002767a800 JavaThread "Reference Handler" daemon [_thread_blocked, id=19924, stack(0x000000002a850000,0x000000002a950000)]
  0x0000000002814000 JavaThread "Client thread" [_thread_in_vm, id=22572, stack(0x0000000002710000,0x0000000002810000)]

Other Threads:
  0x0000000027677000 VMThread [stack: 0x000000002a750000,0x000000002a850000] [id=16584]
  0x00000000291e1000 WatcherThread [stack: 0x000000002b950000,0x000000002ba50000] [id=22272]

VM state:not at safepoint (normal execution)

VM Mutex/Monitor currently owned by a thread: None

Heap:
 PSYoungGen      total 2576896K, used 1892587K [0x0000000708000000, 0x00000007c0000000, 0x00000007c0000000)
  eden space 2131456K, 83% used [0x0000000708000000,0x0000000774d3ab10,0x000000078a180000)
  from space 445440K, 24% used [0x00000007a4d00000,0x00000007ab800308,0x00000007c0000000)
  to   space 437760K, 0% used [0x000000078a180000,0x000000078a180000,0x00000007a4d00000)
 ParOldGen       total 1277440K, used 873154K [0x0000000598000000, 0x00000005e5f80000, 0x0000000708000000)
  object space 1277440K, 68% used [0x0000000598000000,0x00000005cd4b0820,0x00000005e5f80000)
 Metaspace       used 224598K, capacity 229953K, committed 230144K, reserved 1236992K
  class space    used 40025K, capacity 41954K, committed 41984K, reserved 1048576K

Card table byte_map: [0x0000000011cd0000,0x0000000012e20000] byte_map_base: 0x000000000f010000

Marking Bits: (ParMarkBitMap*) 0x0000000059c64040
 Begin Bits: [0x00000000146a0000, 0x000000001d0a0000)
 End Bits:   [0x000000001d0a0000, 0x0000000025aa0000)

Polling page: 0x0000000002600000

CodeCache: size=245760Kb used=47375Kb max_used=47382Kb free=198384Kb
 bounds [0x0000000002910000, 0x00000000057a0000, 0x0000000011910000]
 total_blobs=14100 nmethods=12600 adapters=1407
 compilation: enabled

Compilation events (10 events):
Event: 59.804 Thread 0x0000000029150800 16850       3       net.ndrei.teslacorelib.render.selfrendering.SelfRenderingBlocksRegistry$SelfRenderingModelLoader::accepts (96 bytes)
Event: 59.804 Thread 0x0000000029156000 nmethod 16865 0x000000000576b3d0 code [0x000000000576b540, 0x000000000576b618]
Event: 59.804 Thread 0x0000000029156800 nmethod 16848 0x000000000576b6d0 code [0x000000000576b880, 0x000000000576be68]
Event: 59.804 Thread 0x0000000029156800 16851       3       com.the9grounds.aeadditions.models.blocks.FluidItemModel$ModelLoader::accepts (30 bytes)
Event: 59.804 Thread 0x0000000029157800 nmethod 16847 0x000000000576d590 code [0x000000000576d720, 0x000000000576dcc8]
Event: 59.804 Thread 0x0000000029157800 16852       3       nc.model.ModelTexturedFluid$FluidTexturedLoader::accepts (54 bytes)
Event: 59.805 Thread 0x0000000029148000 nmethod 16843 0x000000000576fad0 code [0x000000000576fc40, 0x00000000057701b8]
Event: 59.805 Thread 0x0000000029151800 nmethod 16849 0x000000000576cbd0 code [0x000000000576cd80, 0x000000000576d368]
Event: 59.805 Thread 0x0000000029151800 16853       3       vswe.superfactory.blocks.client.ModelLoader::accepts (33 bytes)
Event: 59.805 Thread 0x0000000029157800 nmethod 16852 0x000000000576eed0 code [0x000000000576f0a0, 0x000000000576f8c8]

GC Heap History (10 events):
Event: 50.206 GC heap before
{Heap before GC invocations=42 (full 5):
 PSYoungGen      total 2619392K, used 2543666K [0x0000000708000000, 0x00000007c0000000, 0x00000007c0000000)
  eden space 2264064K, 100% used [0x0000000708000000,0x0000000792300000,0x0000000792300000)
  from space 355328K, 78% used [0x00000007aa500000,0x00000007bb60cbe0,0x00000007c0000000)
  to   space 375296K, 0% used [0x0000000792300000,0x0000000792300000,0x00000007a9180000)
 ParOldGen       total 1199104K, used 837483K [0x0000000598000000, 0x00000005e1300000, 0x0000000708000000)
  object space 1199104K, 69% used [0x0000000598000000,0x00000005cb1daef0,0x00000005e1300000)
 Metaspace       used 192339K, capacity 196345K, committed 196992K, reserved 1210368K
  class space    used 33645K, capacity 35114K, committed 35200K, reserved 1048576K
Event: 50.273 GC heap after
Heap after GC invocations=42 (full 5):
 PSYoungGen      total 2633216K, used 369062K [0x0000000708000000, 0x00000007c0000000, 0x00000007c0000000)
  eden space 2264064K, 0% used [0x0000000708000000,0x0000000708000000,0x0000000792300000)
  from space 369152K, 99% used [0x0000000792300000,0x00000007a8b69b50,0x00000007a8b80000)
  to   space 381440K, 0% used [0x00000007a8b80000,0x00000007a8b80000,0x00000007c0000000)
 ParOldGen       total 1199104K, used 837491K [0x0000000598000000, 0x00000005e1300000, 0x0000000708000000)
  object space 1199104K, 69% used [0x0000000598000000,0x00000005cb1dcef0,0x00000005e1300000)
 Metaspace       used 192339K, capacity 196345K, committed 196992K, reserved 1210368K
  class space    used 33645K, capacity 35114K, committed 35200K, reserved 1048576K
}
Event: 52.401 GC heap before
{Heap before GC invocations=43 (full 5):
 PSYoungGen      total 2633216K, used 2517827K [0x0000000708000000, 0x00000007c0000000, 0x00000007c0000000)
  eden space 2264064K, 94% used [0x0000000708000000,0x000000078b267420,0x0000000792300000)
  from space 369152K, 99% used [0x0000000792300000,0x00000007a8b69b50,0x00000007a8b80000)
  to   space 381440K, 0% used [0x00000007a8b80000,0x00000007a8b80000,0x00000007c0000000)
 ParOldGen       total 1199104K, used 837491K [0x0000000598000000, 0x00000005e1300000, 0x0000000708000000)
  object space 1199104K, 69% used [0x0000000598000000,0x00000005cb1dcef0,0x00000005e1300000)
 Metaspace       used 201118K, capacity 205449K, committed 205868K, reserved 1218560K
  class space    used 35632K, capacity 37222K, committed 37248K, reserved 1048576K
Event: 52.450 GC heap after
Heap after GC invocations=43 (full 5):
 PSYoungGen      total 2506240K, used 324032K [0x0000000708000000, 0x00000007c0000000, 0x00000007c0000000)
  eden space 2124800K, 0% used [0x0000000708000000,0x0000000708000000,0x0000000789b00000)
  from space 381440K, 84% used [0x00000007a8b80000,0x00000007bc7f0080,0x00000007c0000000)
  to   space 444928K, 0% used [0x0000000789b00000,0x0000000789b00000,0x00000007a4d80000)
 ParOldGen       total 1199104K, used 837499K [0x0000000598000000, 0x00000005e1300000, 0x0000000708000000)
  object space 1199104K, 69% used [0x0000000598000000,0x00000005cb1deef0,0x00000005e1300000)
 Metaspace       used 201118K, capacity 205449K, committed 205868K, reserved 1218560K
  class space    used 35632K, capacity 37222K, committed 37248K, reserved 1048576K
}
Event: 52.450 GC heap before
{Heap before GC invocations=44 (full 6):
 PSYoungGen      total 2506240K, used 324032K [0x0000000708000000, 0x00000007c0000000, 0x00000007c0000000)
  eden space 2124800K, 0% used [0x0000000708000000,0x0000000708000000,0x0000000789b00000)
  from space 381440K, 84% used [0x00000007a8b80000,0x00000007bc7f0080,0x00000007c0000000)
  to   space 444928K, 0% used [0x0000000789b00000,0x0000000789b00000,0x00000007a4d80000)
 ParOldGen       total 1199104K, used 837499K [0x0000000598000000, 0x00000005e1300000, 0x0000000708000000)
  object space 1199104K, 69% used [0x0000000598000000,0x00000005cb1deef0,0x00000005e1300000)
 Metaspace       used 201118K, capacity 205449K, committed 205868K, reserved 1218560K
  class space    used 35632K, capacity 37222K, committed 37248K, reserved 1048576K
Event: 52.831 GC heap after
Heap after GC invocations=44 (full 6):
 PSYoungGen      total 2506240K, used 0K [0x0000000708000000, 0x00000007c0000000, 0x00000007c0000000)
  eden space 2124800K, 0% used [0x0000000708000000,0x0000000708000000,0x0000000789b00000)
  from space 381440K, 0% used [0x00000007a8b80000,0x00000007a8b80000,0x00000007c0000000)
  to   space 444928K, 0% used [0x0000000789b00000,0x0000000789b00000,0x00000007a4d80000)
 ParOldGen       total 1277440K, used 873138K [0x0000000598000000, 0x00000005e5f80000, 0x0000000708000000)
  object space 1277440K, 68% used [0x0000000598000000,0x00000005cd4ac808,0x00000005e5f80000)
 Metaspace       used 201118K, capacity 205449K, committed 205868K, reserved 1218560K
  class space    used 35632K, capacity 37222K, committed 37248K, reserved 1048576K
}
Event: 55.495 GC heap before
{Heap before GC invocations=45 (full 6):
 PSYoungGen      total 2506240K, used 2124800K [0x0000000708000000, 0x00000007c0000000, 0x00000007c0000000)
  eden space 2124800K, 100% used [0x0000000708000000,0x0000000789b00000,0x0000000789b00000)
  from space 381440K, 0% used [0x00000007a8b80000,0x00000007a8b80000,0x00000007c0000000)
  to   space 444928K, 0% used [0x0000000789b00000,0x0000000789b00000,0x00000007a4d80000)
 ParOldGen       total 1277440K, used 873138K [0x0000000598000000, 0x00000005e5f80000, 0x0000000708000000)
  object space 1277440K, 68% used [0x0000000598000000,0x00000005cd4ac808,0x00000005e5f80000)
 Metaspace       used 209797K, capacity 214391K, committed 215040K, reserved 1224704K
  class space    used 37351K, capacity 39043K, committed 39168K, reserved 1048576K
Event: 55.518 GC heap after
Heap after GC invocations=45 (full 6):
 PSYoungGen      total 2208768K, used 83471K [0x0000000708000000, 0x00000007c0000000, 0x00000007c0000000)
  eden space 2124800K, 0% used [0x0000000708000000,0x0000000708000000,0x0000000789b00000)
  from space 83968K, 99% used [0x0000000789b00000,0x000000078ec83c68,0x000000078ed00000)
  to   space 445440K, 0% used [0x00000007a4d00000,0x00000007a4d00000,0x00000007c0000000)
 ParOldGen       total 1277440K, used 873146K [0x0000000598000000, 0x00000005e5f80000, 0x0000000708000000)
  object space 1277440K, 68% used [0x0000000598000000,0x00000005cd4ae808,0x00000005e5f80000)
 Metaspace       used 209797K, capacity 214391K, committed 215040K, reserved 1224704K
  class space    used 37351K, capacity 39043K, committed 39168K, reserved 1048576K
}
Event: 57.698 GC heap before
{Heap before GC invocations=46 (full 6):
 PSYoungGen      total 2208768K, used 2208271K [0x0000000708000000, 0x00000007c0000000, 0x00000007c0000000)
  eden space 2124800K, 100% used [0x0000000708000000,0x0000000789b00000,0x0000000789b00000)
  from space 83968K, 99% used [0x0000000789b00000,0x000000078ec83c68,0x000000078ed00000)
  to   space 445440K, 0% used [0x00000007a4d00000,0x00000007a4d00000,0x00000007c0000000)
 ParOldGen       total 1277440K, used 873146K [0x0000000598000000, 0x00000005e5f80000, 0x0000000708000000)
  object space 1277440K, 68% used [0x0000000598000000,0x00000005cd4ae820,0x00000005e5f80000)
 Metaspace       used 218378K, capacity 223317K, committed 223616K, reserved 1232896K
  class space    used 39056K, capacity 40816K, committed 40832K, reserved 1048576K
Event: 57.720 GC heap after
Heap after GC invocations=46 (full 6):
 PSYoungGen      total 2576896K, used 109568K [0x0000000708000000, 0x00000007c0000000, 0x00000007c0000000)
  eden space 2131456K, 0% used [0x0000000708000000,0x0000000708000000,0x000000078a180000)
  from space 445440K, 24% used [0x00000007a4d00000,0x00000007ab800308,0x00000007c0000000)
  to   space 437760K, 0% used [0x000000078a180000,0x000000078a180000,0x00000007a4d00000)
 ParOldGen       total 1277440K, used 873154K [0x0000000598000000, 0x00000005e5f80000, 0x0000000708000000)
  object space 1277440K, 68% used [0x0000000598000000,0x00000005cd4b0820,0x00000005e5f80000)
 Metaspace       used 218378K, capacity 223317K, committed 223616K, reserved 1232896K
  class space    used 39056K, capacity 40816K, committed 40832K, reserved 1048576K
}

Deoptimization events (10 events):
Event: 59.644 Thread 0x0000000002814000 Uncommon trap: reason=class_check action=maybe_recompile pc=0x0000000002c1b4ec method=net.minecraft.util.ResourceLocation.equals(Ljava/lang/Object;)Z @ 8
Event: 59.649 Thread 0x0000000002814000 Uncommon trap: reason=class_check action=maybe_recompile pc=0x0000000002c1b4ec method=net.minecraft.util.ResourceLocation.equals(Ljava/lang/Object;)Z @ 8
Event: 59.650 Thread 0x0000000002814000 Uncommon trap: reason=class_check action=maybe_recompile pc=0x0000000002c1b4ec method=net.minecraft.util.ResourceLocation.equals(Ljava/lang/Object;)Z @ 8
Event: 59.655 Thread 0x0000000002814000 Uncommon trap: reason=class_check action=maybe_recompile pc=0x0000000002c1b4ec method=net.minecraft.util.ResourceLocation.equals(Ljava/lang/Object;)Z @ 8
Event: 59.674 Thread 0x0000000002814000 Uncommon trap: reason=unstable_if action=reinterpret pc=0x0000000002ef735c method=com.google.common.collect.ImmutableSet.construct(I[Ljava/lang/Object;)Lcom/google/common/collect/ImmutableSet; @ 146
Event: 59.678 Thread 0x0000000002814000 Uncommon trap: reason=unstable_if action=reinterpret pc=0x00000000043ff018 method=com.google.common.collect.ImmutableSet.construct(I[Ljava/lang/Object;)Lcom/google/common/collect/ImmutableSet; @ 146
Event: 59.679 Thread 0x0000000002814000 Uncommon trap: reason=bimorphic action=maybe_recompile pc=0x0000000003306388 method=com.google.common.collect.AbstractSetMultimap.get(Ljava/lang/Object;)Ljava/util/Collection; @ 2
Event: 59.679 Thread 0x0000000002814000 Uncommon trap: reason=bimorphic action=maybe_recompile pc=0x0000000003306388 method=com.google.common.collect.AbstractSetMultimap.get(Ljava/lang/Object;)Ljava/util/Collection; @ 2
Event: 59.751 Thread 0x0000000002814000 Uncommon trap: reason=unstable_if action=reinterpret pc=0x0000000005372ba4 method=com.google.gson.stream.JsonReader.peekNumber()I @ 134
Event: 59.781 Thread 0x0000000038752000 Uncommon trap: reason=unstable_if action=reinterpret pc=0x0000000003627d5c method=com.mushroom.midnight.core.transformer.MidnightClassTransformer.transform(Ljava/lang/String;Ljava/lang/String;[B)[B @ 12

Internal exceptions (10 events):
Event: 59.764 Thread 0x0000000002814000 Exception <a 'java/io/IOException'> (0x0000000770607918) thrown at [C:\re\workspace\8-2-build-windows-amd64-cygwin\jdk8u51\3951\hotspot\src\share\vm\prims\jni.cpp, line 709]
Event: 59.765 Thread 0x0000000002814000 Exception <a 'java/io/IOException'> (0x0000000770688160) thrown at [C:\re\workspace\8-2-build-windows-amd64-cygwin\jdk8u51\3951\hotspot\src\share\vm\prims\jni.cpp, line 709]
Event: 59.765 Thread 0x0000000002814000 Exception <a 'java/io/IOException'> (0x00000007706972c8) thrown at [C:\re\workspace\8-2-build-windows-amd64-cygwin\jdk8u51\3951\hotspot\src\share\vm\prims\jni.cpp, line 709]
Event: 59.769 Thread 0x0000000038752000 Exception <a 'java/lang/InterruptedException': sleep interrupted> (0x00000007698d8690) thrown at [C:\re\workspace\8-2-build-windows-amd64-cygwin\jdk8u51\3951\hotspot\src\share\vm\prims\jvm.cpp, line 3211]
Event: 59.796 Thread 0x0000000038752000 Exception <a 'java/security/PrivilegedActionException'> (0x0000000772116a08) thrown at [C:\re\workspace\8-2-build-windows-amd64-cygwin\jdk8u51\3951\hotspot\src\share\vm\prims\jvm.cpp, line 1382]
Event: 59.796 Thread 0x0000000038752000 Exception <a 'java/security/PrivilegedActionException'> (0x0000000772117de0) thrown at [C:\re\workspace\8-2-build-windows-amd64-cygwin\jdk8u51\3951\hotspot\src\share\vm\prims\jvm.cpp, line 1382]
Event: 59.796 Thread 0x0000000038752000 Exception <a 'java/security/PrivilegedActionException'> (0x0000000772119760) thrown at [C:\re\workspace\8-2-build-windows-amd64-cygwin\jdk8u51\3951\hotspot\src\share\vm\prims\jvm.cpp, line 1382]
Event: 59.796 Thread 0x0000000038752000 Exception <a 'java/security/PrivilegedActionException'> (0x000000077211ae48) thrown at [C:\re\workspace\8-2-build-windows-amd64-cygwin\jdk8u51\3951\hotspot\src\share\vm\prims\jvm.cpp, line 1382]
Event: 59.796 Thread 0x0000000038752000 Exception <a 'java/security/PrivilegedActionException'> (0x000000077211c1a8) thrown at [C:\re\workspace\8-2-build-windows-amd64-cygwin\jdk8u51\3951\hotspot\src\share\vm\prims\jvm.cpp, line 1382]
Event: 59.796 Thread 0x0000000038752000 Exception <a 'java/security/PrivilegedActionException'> (0x000000077211d668) thrown at [C:\re\workspace\8-2-build-windows-amd64-cygwin\jdk8u51\3951\hotspot\src\share\vm\prims\jvm.cpp, line 1382]

Events (10 events):
Event: 59.798 loading class org/lwjgl/openal/ALC10
Event: 59.798 loading class org/lwjgl/openal/ALC10 done
Event: 59.804 loading class org/lwjgl/openal/ALCdevice
Event: 59.804 loading class org/lwjgl/openal/ALCdevice done
Event: 59.804 loading class org/lwjgl/openal/ALCcontext
Event: 59.804 loading class org/lwjgl/openal/ALCcontext done
Event: 59.805 loading class org/lwjgl/openal/Util
Event: 59.805 loading class org/lwjgl/openal/Util done
Event: 59.805 loading class org/lwjgl/openal/OpenALException
Event: 59.805 loading class org/lwjgl/openal/OpenALException done


Dynamic libraries:
0x00007ff6b86d0000 - 0x00007ff6b8707000 	C:\Users\gtjoe\curseforge\minecraft\Install\runtime\jre-legacy\windows-x64\jre-legacy\bin\javaw.exe
0x00007ffb7a5b0000 - 0x00007ffb7a7a5000 	C:\Windows\SYSTEM32\ntdll.dll
0x00007ffb78cb0000 - 0x00007ffb78d6e000 	C:\Windows\System32\KERNEL32.DLL
0x00007ffb78030000 - 0x00007ffb782f8000 	C:\Windows\System32\KERNELBASE.dll
0x00007ffb7a040000 - 0x00007ffb7a0ee000 	C:\Windows\System32\ADVAPI32.dll
0x00007ffb787b0000 - 0x00007ffb7884e000 	C:\Windows\System32\msvcrt.dll
0x00007ffb78860000 - 0x00007ffb788fc000 	C:\Windows\System32\sechost.dll
0x00007ffb78e40000 - 0x00007ffb78f65000 	C:\Windows\System32\RPCRT4.dll
0x00007ffb7a3d0000 - 0x00007ffb7a570000 	C:\Windows\System32\USER32.dll
0x00007ffb783e0000 - 0x00007ffb78402000 	C:\Windows\System32\win32u.dll
0x00007ffb78c80000 - 0x00007ffb78cab000 	C:\Windows\System32\GDI32.dll
0x00007ffb77e20000 - 0x00007ffb77f2d000 	C:\Windows\System32\gdi32full.dll
0x00007ffb78560000 - 0x00007ffb785fd000 	C:\Windows\System32\msvcp_win.dll
0x00007ffb77f30000 - 0x00007ffb78030000 	C:\Windows\System32\ucrtbase.dll
0x00007ffb66be0000 - 0x00007ffb66e7a000 	C:\Windows\WinSxS\amd64_microsoft.windows.common-controls_6595b64144ccf1df_6.0.19041.1110_none_60b5254171f9507e\COMCTL32.dll
0x00007ffb78780000 - 0x00007ffb787b0000 	C:\Windows\System32\IMM32.DLL
0x000000005a370000 - 0x000000005a442000 	C:\Users\gtjoe\curseforge\minecraft\Install\runtime\jre-legacy\windows-x64\jre-legacy\bin\msvcr100.dll
0x0000000059460000 - 0x0000000059ce3000 	C:\Users\gtjoe\curseforge\minecraft\Install\runtime\jre-legacy\windows-x64\jre-legacy\bin\server\jvm.dll
0x00007ffb78dd0000 - 0x00007ffb78dd8000 	C:\Windows\System32\PSAPI.DLL
0x00007ffb65750000 - 0x00007ffb65759000 	C:\Windows\SYSTEM32\WSOCK32.dll
0x00007ffb61540000 - 0x00007ffb61567000 	C:\Windows\SYSTEM32\WINMM.dll
0x00007ffb728d0000 - 0x00007ffb728da000 	C:\Windows\SYSTEM32\VERSION.dll
0x00007ffb7a360000 - 0x00007ffb7a3cb000 	C:\Windows\System32\WS2_32.dll
0x000000005a360000 - 0x000000005a36f000 	C:\Users\gtjoe\curseforge\minecraft\Install\runtime\jre-legacy\windows-x64\jre-legacy\bin\verify.dll
0x000000005a330000 - 0x000000005a359000 	C:\Users\gtjoe\curseforge\minecraft\Install\runtime\jre-legacy\windows-x64\jre-legacy\bin\java.dll
0x000000005a310000 - 0x000000005a326000 	C:\Users\gtjoe\curseforge\minecraft\Install\runtime\jre-legacy\windows-x64\jre-legacy\bin\zip.dll
0x00007ffb78f70000 - 0x00007ffb796b4000 	C:\Windows\System32\SHELL32.dll
0x00007ffb75dd0000 - 0x00007ffb76564000 	C:\Windows\SYSTEM32\windows.storage.dll
0x00007ffb796c0000 - 0x00007ffb79a15000 	C:\Windows\System32\combase.dll
0x00007ffb77710000 - 0x00007ffb7773e000 	C:\Windows\SYSTEM32\Wldp.dll
0x00007ffb7a2a0000 - 0x00007ffb7a34d000 	C:\Windows\System32\SHCORE.dll
0x00007ffb79a20000 - 0x00007ffb79a75000 	C:\Windows\System32\shlwapi.dll
0x00007ffb77c00000 - 0x00007ffb77c1f000 	C:\Windows\SYSTEM32\profapi.dll
0x000000005a300000 - 0x000000005a30d000 	C:\Users\gtjoe\curseforge\minecraft\Install\runtime\jre-legacy\windows-x64\jre-legacy\bin\management.dll
0x000000005a2e0000 - 0x000000005a2fa000 	C:\Users\gtjoe\curseforge\minecraft\Install\runtime\jre-legacy\windows-x64\jre-legacy\bin\net.dll
0x00007ffb77470000 - 0x00007ffb774da000 	C:\Windows\system32\mswsock.dll
0x00007ffb43fc0000 - 0x00007ffb43fd7000 	C:\Windows\system32\napinsp.dll
0x00007ffb43fa0000 - 0x00007ffb43fbb000 	C:\Windows\system32\pnrpnsp.dll
0x00007ffb73220000 - 0x00007ffb73235000 	C:\Windows\system32\wshbth.dll
0x00007ffb71cf0000 - 0x00007ffb71d0d000 	C:\Windows\system32\NLAapi.dll
0x00007ffb77110000 - 0x00007ffb7714b000 	C:\Windows\SYSTEM32\IPHLPAPI.DLL
0x00007ffb77150000 - 0x00007ffb7721b000 	C:\Windows\SYSTEM32\DNSAPI.dll
0x00007ffb7a350000 - 0x00007ffb7a358000 	C:\Windows\System32\NSI.dll
0x00007ffb43f80000 - 0x00007ffb43f92000 	C:\Windows\System32\winrnr.dll
0x00007ffb71bc0000 - 0x00007ffb71bca000 	C:\Windows\System32\rasadhlp.dll
0x00007ffb6ab60000 - 0x00007ffb6abdf000 	C:\Windows\System32\fwpuclnt.dll
0x00007ffb78530000 - 0x00007ffb78557000 	C:\Windows\System32\bcrypt.dll
0x000000005a2c0000 - 0x000000005a2d1000 	C:\Users\gtjoe\curseforge\minecraft\Install\runtime\jre-legacy\windows-x64\jre-legacy\bin\nio.dll
0x000000005a290000 - 0x000000005a2b4000 	C:\Users\gtjoe\curseforge\minecraft\Install\runtime\jre-legacy\windows-x64\jre-legacy\bin\sunec.dll
0x00007ffb77660000 - 0x00007ffb77678000 	C:\Windows\SYSTEM32\CRYPTSP.dll
0x00007ffb76d80000 - 0x00007ffb76db4000 	C:\Windows\system32\rsaenh.dll
0x00007ffb77bc0000 - 0x00007ffb77bee000 	C:\Windows\SYSTEM32\USERENV.dll
0x00007ffb78300000 - 0x00007ffb78382000 	C:\Windows\System32\bcryptprimitives.dll
0x00007ffb77680000 - 0x00007ffb7768c000 	C:\Windows\SYSTEM32\CRYPTBASE.dll
0x00007ffb720e0000 - 0x00007ffb720f7000 	C:\Windows\SYSTEM32\dhcpcsvc6.DLL
0x00007ffb71fc0000 - 0x00007ffb71fdd000 	C:\Windows\SYSTEM32\dhcpcsvc.DLL
0x000000005a270000 - 0x000000005a287000 	C:\Users\gtjoe\curseforge\minecraft\Install\runtime\jre-legacy\windows-x64\jre-legacy\bin\unpack.dll
0x0000000180000000 - 0x0000000180053000 	C:\Users\gtjoe\curseforge\minecraft\Install\bin\55c4-6e90-4f8c-888b\lwjgl64.dll
0x00007ffb4ce60000 - 0x00007ffb4cf85000 	C:\Windows\SYSTEM32\OPENGL32.dll
0x00007ffb70620000 - 0x00007ffb7064c000 	C:\Windows\SYSTEM32\GLU32.dll
0x00007ffb65650000 - 0x00007ffb656fe000 	C:\Windows\SYSTEM32\mscms.dll
0x00007ffb62190000 - 0x00007ffb621a1000 	C:\Windows\SYSTEM32\ColorAdapterClient.dll
0x00007ffb78600000 - 0x00007ffb786cd000 	C:\Windows\System32\OLEAUT32.dll
0x00007ffb75bd0000 - 0x00007ffb75be2000 	C:\Windows\SYSTEM32\kernel.appcore.dll
0x00007ffb786d0000 - 0x00007ffb78779000 	C:\Windows\System32\clbcatq.dll
0x00007ffb78390000 - 0x00007ffb783de000 	C:\Windows\System32\cfgmgr32.dll
0x000000005a0d0000 - 0x000000005a268000 	C:\Users\gtjoe\curseforge\minecraft\Install\runtime\jre-legacy\windows-x64\jre-legacy\bin\awt.dll
0x00007ffb75510000 - 0x00007ffb755a0000 	C:\Windows\SYSTEM32\apphelp.dll
0x00007ffb756f0000 - 0x00007ffb7578e000 	C:\Windows\system32\uxtheme.dll
0x00007ffb78900000 - 0x00007ffb78a16000 	C:\Windows\System32\MSCTF.dll
0x00007ffb547b0000 - 0x00007ffb548a9000 	C:\Windows\SYSTEM32\textinputframework.dll
0x00007ffb74f70000 - 0x00007ffb752ce000 	C:\Windows\System32\CoreUIComponents.dll
0x00007ffb752d0000 - 0x00007ffb753c2000 	C:\Windows\System32\CoreMessaging.dll
0x00007ffb76a70000 - 0x00007ffb76aa3000 	C:\Windows\SYSTEM32\ntmarta.dll
0x00007ffb74a90000 - 0x00007ffb74be4000 	C:\Windows\SYSTEM32\wintypes.dll
0x00007ffad5ec0000 - 0x00007ffad89d7000 	C:\Windows\System32\DriverStore\FileRepository\nvmdi.inf_amd64_9413e5ce3f1b6ec6\nvoglv64.dll
0x00007ffb79ae0000 - 0x00007ffb79f52000 	C:\Windows\System32\SETUPAPI.dll
0x00007ffb7a170000 - 0x00007ffb7a29a000 	C:\Windows\System32\ole32.dll
0x00007ffb72c70000 - 0x00007ffb72c84000 	C:\Windows\SYSTEM32\WTSAPI32.dll
0x00007ffb778a0000 - 0x00007ffb778b2000 	C:\Windows\SYSTEM32\msasn1.dll
0x00007ffb71bd0000 - 0x00007ffb71c01000 	C:\Windows\SYSTEM32\cryptnet.dll
0x00007ffb77cc0000 - 0x00007ffb77e16000 	C:\Windows\System32\CRYPT32.dll
0x00007ffb6e1e0000 - 0x00007ffb6e32a000 	C:\Windows\SYSTEM32\drvstore.dll
0x00007ffb77a60000 - 0x00007ffb77a94000 	C:\Windows\SYSTEM32\devobj.dll
0x00007ffb78410000 - 0x00007ffb78479000 	C:\Windows\System32\WINTRUST.dll
0x00007ffb60f70000 - 0x00007ffb60fab000 	C:\Windows\SYSTEM32\dxcore.dll
0x00007ffb23240000 - 0x00007ffb23503000 	C:\Windows\system32\nvspcap64.dll
0x00007ffb759f0000 - 0x00007ffb75a1f000 	C:\Windows\SYSTEM32\dwmapi.dll
0x00007ffb228e0000 - 0x00007ffb22923000 	C:\Windows\SYSTEM32\icm32.dll
0x00007ffb77230000 - 0x00007ffb7727b000 	C:\Windows\SYSTEM32\powrprof.dll
0x00007ffb770f0000 - 0x00007ffb77102000 	C:\Windows\SYSTEM32\UMPDC.dll
0x00007ffb76bc0000 - 0x00007ffb76c1a000 	C:\Windows\SYSTEM32\WINSTA.dll
0x00007ffb59580000 - 0x00007ffb595c2000 	C:\Users\gtjoe\AppData\Local\Temp\jna-98683827\jna2605783931058936684.dll
0x00007ffb38d60000 - 0x00007ffb38e8d000 	C:\Users\gtjoe\curseforge\minecraft\Instances\Cosmic Chaos Dev\OpenComputersMod-1.7.5.192-lua52-native.64.dll
0x00007ffae83f0000 - 0x00007ffae8591000 	C:\Users\gtjoe\curseforge\minecraft\Instances\Cosmic Chaos Dev\OpenComputersMod-1.7.5.192-lua53-native.64.dll
0x00000000350a0000 - 0x0000000035104000 	C:\Users\gtjoe\curseforge\minecraft\Install\bin\55c4-6e90-4f8c-888b\OpenAL64.dll
0x00007ffafaed0000 - 0x00007ffafaf6c000 	C:\Windows\SYSTEM32\dsound.dll
0x00007ffb68fb0000 - 0x00007ffb68fd6000 	C:\Windows\SYSTEM32\winmmbase.dll
0x00007ffb72440000 - 0x00007ffb724c5000 	C:\Windows\System32\MMDevApi.dll
0x00007ffb726b0000 - 0x00007ffb72834000 	C:\Windows\SYSTEM32\AUDIOSES.DLL
0x00007ffb70c70000 - 0x00007ffb70e54000 	C:\Windows\SYSTEM32\dbghelp.dll

VM Arguments:
jvm_args: -Dos.name=Windows 10 -Dos.version=10.0 -XX:HeapDumpPath=MojangTricksIntelDriversForPerformance_javaw.exe_minecraft.exe.heapdump -Djava.library.path=C:\Users\gtjoe\curseforge\minecraft\Install\bin\55c4-6e90-4f8c-888b -Dminecraft.launcher.brand=minecraft-launcher -Dminecraft.launcher.version=2.2.10327 -Dminecraft.client.jar=C:\Users\gtjoe\curseforge\minecraft\Install\versions\1.12.2\1.12.2.jar -Xmx8832m -Xms256m -Dminecraft.applet.TargetDirectory=C:\Users\gtjoe\curseforge\minecraft\Instances\Cosmic Chaos Dev -Dfml.ignorePatchDiscrepancies=true -Dfml.ignoreInvalidMinecraftCertificates=true -Duser.language=en -Duser.country=US -Dlog4j.configurationFile=C:\Users\gtjoe\curseforge\minecraft\Install\assets\log_configs\client-1.12.xml 
java_command: net.minecraft.launchwrapper.Launch --username Filostorm --version forge-14.23.5.2855 --gameDir C:\Users\gtjoe\curseforge\minecraft\Instances\Cosmic Chaos Dev --assetsDir C:\Users\gtjoe\curseforge\minecraft\Install\assets --assetIndex 1.12 --uuid d1717768017249abaec1454f6a362e3f --accessToken eyJhbGciOiJIUzI1NiJ9.eyJ4dWlkIjoiMjUzMzI3NDk0MDU2ODc0NCIsImFnZyI6IkFkdWx0Iiwic3ViIjoiNTVlZjBhY2EtNDU1OS00ZDI2LTk4ZTYtYzk4OWVmODFlMTEyIiwibmJmIjoxNjQ0NjQ1MzI4LCJhdXRoIjoiWEJPWCIsInJvbGVzIjpbXSwiaXNzIjoiYXV0aGVudGljYXRpb24iLCJleHAiOjE2NDQ3MzE3MjgsImlhdCI6MTY0NDY0NTMyOCwicGxhdGZvcm0iOiJQQ19MQVVOQ0hFUiIsInl1aWQiOiIzN2MwYjc2Y2NmOTIxYTk3NDhiNjYxNWYxZDg0ZmRkMSJ9.5i7946LycdmGsze1wIzJB5FA4O9KFq4JlYRjUQQcTT0 --userType msa --tweakClass net.minecraftforge.fml.common.launcher.FMLTweaker --versionType Forge --width 1024 --height 768
java_class_path (initial): C:\Users\gtjoe\curseforge\minecraft\Install\libraries\net\minecraftforge\forge\1.12.2-14.23.5.2855\forge-1.12.2-14.23.5.2855.jar;C:\Users\gtjoe\curseforge\minecraft\Install\libraries\org\ow2\asm\asm-debug-all\5.2\asm-debug-all-5.2.jar;C:\Users\gtjoe\curseforge\minecraft\Install\libraries\net\minecraft\launchwrapper\1.12\launchwrapper-1.12.jar;C:\Users\gtjoe\curseforge\minecraft\Install\libraries\org\jline\jline\3.5.1\jline-3.5.1.jar;C:\Users\gtjoe\curseforge\minecraft\Install\libraries\com\typesafe\akka\akka-actor_2.11\2.3.3\akka-actor_2.11-2.3.3.jar;C:\Users\gtjoe\curseforge\minecraft\Install\libraries\com\typesafe\config\1.2.1\config-1.2.1.jar;C:\Users\gtjoe\curseforge\minecraft\Install\libraries\org\scala-lang\scala-actors-migration_2.11\1.1.0\scala-actors-migration_2.11-1.1.0.jar;C:\Users\gtjoe\curseforge\minecraft\Install\libraries\org\scala-lang\scala-compiler\2.11.1\scala-compiler-2.11.1.jar;C:\Users\gtjoe\curseforge\minecraft\Install\libraries\org\scala-lang\plugins\scala-continuations-library_2.11\1.0.2_mc\scala-continuations-library_2.11-1.0.2_mc.jar;C:\Users\gtjoe\curseforge\minecraft\Install\libraries\org\scala-lang\plugins\scala-continuations-plugin_2.11.1\1.0.2_mc\scala-continuations-plugin_2.11.1-1.0.2_mc.jar;C:\Users\gtjoe\curseforge\minecraft\Install\libraries\org\scala-lang\scala-library\2.11.1\scala-library-2.11.1.jar;C:\Users\gtjoe\curseforge\minecraft\Install\libraries\org\scala-lang\scala-parser-combinators_2.11\1.0.1\scala-parser-combinators_2.11-1.0.1.jar;C:\Users\gtjoe\curseforge\minecraft\Install\libraries\org\scala-lang\scala-reflect\2.11.1\scala-reflect-2.11.1.jar;C:\Users\gtjoe\curseforge\minecraft\Install\libraries\org\scala-lang\scala-swing_2.11\1.0.1\scala-swing_2.11-1.0.1.jar;C:\Users\gtjoe\curseforge\minecraft\Install\libraries\org\scala-lang\scala-xml_2.11\1.0.2\scala-xml_2.11-1.0.2.jar;C:\Users\gtjoe\curseforge\minecraft\Install\libraries\lzma\lzma\0.0.1\lzma-0.0.1.jar;C:\Users\gtjoe\curseforge\minecra
Launcher Type: SUN_STANDARD

Environment Variables:
PATH=C:\Program Files (x86)\Common Files\Oracle\Java\javapath;C:\Windows\system32;C:\Windows;C:\Windows\System32\Wbem;C:\Windows\System32\WindowsPowerShell\v1.0\;C:\Windows\System32\OpenSSH\;C:\Program Files (x86)\NVIDIA Corporation\PhysX\Common;C:\Program Files\NVIDIA Corporation\NVIDIA NvDLISR;C:\Program Files\dotnet\;C:\Users\gtjoe\AppData\Local\Microsoft\WindowsApps;C:\Users\gtjoe\AppData\Local\Programs\Microsoft VS Code\bin;C:\Users\gtjoe\AppData\Local\gitkraken\bin
USERNAME=gtjoe
OS=Windows_NT
PROCESSOR_IDENTIFIER=Intel64 Family 6 Model 167 Stepping 1, GenuineIntel



---------------  S Y S T E M  ---------------

OS: Windows 10.0 , 64 bit Build 19041 (10.0.19041.1503)

CPU:total 16 (8 cores per cpu, 2 threads per core) family 6 model 167 stepping 1, cmov, cx8, fxsr, mmx, sse, sse2, sse3, ssse3, sse4.1, sse4.2, popcnt, avx, avx2, aes, clmul, erms, 3dnowpref, lzcnt, ht, tsc, tscinvbit, bmi1, bmi2, adx

Memory: 4k page, physical 33420556k(19386872k free), swap 41022732k(17620612k free)

vm_info: Java HotSpot(TM) 64-Bit Server VM (25.51-b03) for windows-amd64 JRE (1.8.0_51-b16), built on Jun  8 2015 18:03:07 by "java_re" with MS VC++ 10.0 (VS2010)

time: Sat Feb 12 00:56:29 2022
elapsed time: 59 seconds (0d 0h 0m 59s)

